<?xml version="1.0" encoding="UTF-8"?>
<!-- Generated by org.testng.reporters.JUnitReportReporter -->
<testsuite hostname="FVFHXEPAQ6LR" failures="0" tests="1" name="Comm_Test.TestFile1" time="0.633" errors="0" timestamp="2023-05-10T13:43:23 IST" skipped="0">
  <testcase classname="Comm_Test.TestFile1" name="TC1" time="0.633"/>
  <system-out/>
</testsuite> <!-- Comm_Test.TestFile1 -->
